This is pdfTeX, Version 3.14159265-2.6-1.40.20 (TeX Live 2019/W32TeX) (preloaded format=pdflatex 2020.3.17)  18 MAR 2020 20:57
entering extended mode
 restricted \write18 enabled.
 %&-line parsing enabled.
**RJwrapper.tex
(./RJwrapper.tex
LaTeX2e <2020-02-02> patch level 5
L3 programming layer <2020-02-25> (c:/Users/ketao/AppData/Roaming/TinyTeX/texmf
-dist/tex/latex/base/report.cls
Document Class: report 2019/12/20 v1.4l Standard LaTeX document class
(c:/Users/ketao/AppData/Roaming/TinyTeX/texmf-dist/tex/latex/base/size10.clo
File: size10.clo 2019/12/20 v1.4l Standard LaTeX file (size option)
)
\c@part=\count167
\c@chapter=\count168
\c@section=\count169
\c@subsection=\count170
\c@subsubsection=\count171
\c@paragraph=\count172
\c@subparagraph=\count173
\c@figure=\count174
\c@table=\count175
\abovecaptionskip=\skip47
\belowcaptionskip=\skip48
\bibindent=\dimen134
) (c:/Users/ketao/AppData/Roaming/TinyTeX/texmf-dist/tex/latex/base/inputenc.st
y
Package: inputenc 2018/08/11 v1.3c Input encoding file
\inpenc@prehook=\toks15
\inpenc@posthook=\toks16
) (c:/Users/ketao/AppData/Roaming/TinyTeX/texmf-dist/tex/latex/base/fontenc.sty
Package: fontenc 2020/02/11 v2.0o Standard LaTeX package
) (./RJournal.sty
(c:/Users/ketao/AppData/Roaming/TinyTeX/texmf-dist/tex/latex/tools/longtable.st
y
Package: longtable 2020/01/07 v4.13 Multi-page Table package (DPC)
\LTleft=\skip49
\LTright=\skip50
\LTpre=\skip51
\LTpost=\skip52
\LTchunksize=\count176
\LTcapwidth=\dimen135
\LT@head=\box45
\LT@firsthead=\box46
\LT@foot=\box47
\LT@lastfoot=\box48
\LT@cols=\count177
\LT@rows=\count178
\c@LT@tables=\count179
\c@LT@chunks=\count180
\LT@p@ftn=\toks17
) (c:/Users/ketao/AppData/Roaming/TinyTeX/texmf-dist/tex/latex/float/float.sty
Package: float 2001/11/08 v1.3d Float enhancements (AL)
\c@float@type=\count181
\float@exts=\toks18
\float@box=\box49
\@float@everytoks=\toks19
\@floatcapt=\box50
)
Package: RJournal 2013/08/27 v0.13 RJournal package

(c:/Users/ketao/AppData/Roaming/TinyTeX/texmf-dist/tex/latex/pgf/frontendlayer/
tikz.sty
(c:/Users/ketao/AppData/Roaming/TinyTeX/texmf-dist/tex/latex/pgf/basiclayer/pgf
.sty
(c:/Users/ketao/AppData/Roaming/TinyTeX/texmf-dist/tex/latex/pgf/utilities/pgfr
cs.sty
(c:/Users/ketao/AppData/Roaming/TinyTeX/texmf-dist/tex/generic/pgf/utilities/pg
futil-common.tex
\pgfutil@everybye=\toks20
\pgfutil@tempdima=\dimen136
\pgfutil@tempdimb=\dimen137

(c:/Users/ketao/AppData/Roaming/TinyTeX/texmf-dist/tex/generic/pgf/utilities/pg
futil-common-lists.tex))
(c:/Users/ketao/AppData/Roaming/TinyTeX/texmf-dist/tex/generic/pgf/utilities/pg
futil-latex.def
\pgfutil@abb=\box51
(c:/Users/ketao/AppData/Roaming/TinyTeX/texmf-dist/tex/latex/ms/everyshi.sty
Package: everyshi 2001/05/15 v3.00 EveryShipout Package (MS)
))
(c:/Users/ketao/AppData/Roaming/TinyTeX/texmf-dist/tex/generic/pgf/utilities/pg
frcs.code.tex
(c:/Users/ketao/AppData/Roaming/TinyTeX/texmf-dist/tex/generic/pgf/pgf.revision
.tex)
Package: pgfrcs 2020/01/08 v3.1.5b (3.1.5b)
))
Package: pgf 2020/01/08 v3.1.5b (3.1.5b)

(c:/Users/ketao/AppData/Roaming/TinyTeX/texmf-dist/tex/latex/pgf/basiclayer/pgf
core.sty
(c:/Users/ketao/AppData/Roaming/TinyTeX/texmf-dist/tex/latex/graphics/graphicx.
sty
Package: graphicx 2019/11/30 v1.2a Enhanced LaTeX Graphics (DPC,SPQR)

(c:/Users/ketao/AppData/Roaming/TinyTeX/texmf-dist/tex/latex/graphics/keyval.st
y
Package: keyval 2014/10/28 v1.15 key=value parser (DPC)
\KV@toks@=\toks21
)
(c:/Users/ketao/AppData/Roaming/TinyTeX/texmf-dist/tex/latex/graphics/graphics.
sty
Package: graphics 2019/11/30 v1.4a Standard LaTeX Graphics (DPC,SPQR)
(c:/Users/ketao/AppData/Roaming/TinyTeX/texmf-dist/tex/latex/graphics/trig.sty
Package: trig 2016/01/03 v1.10 sin cos tan (DPC)
)
(c:/Users/ketao/AppData/Roaming/TinyTeX/texmf-dist/tex/latex/graphics-cfg/graph
ics.cfg
File: graphics.cfg 2016/06/04 v1.11 sample graphics configuration
)
Package graphics Info: Driver file: pdftex.def on input line 105.

(c:/Users/ketao/AppData/Roaming/TinyTeX/texmf-dist/tex/latex/graphics-def/pdfte
x.def
File: pdftex.def 2018/01/08 v1.0l Graphics/color driver for pdftex
))
\Gin@req@height=\dimen138
\Gin@req@width=\dimen139
)
(c:/Users/ketao/AppData/Roaming/TinyTeX/texmf-dist/tex/latex/pgf/systemlayer/pg
fsys.sty
(c:/Users/ketao/AppData/Roaming/TinyTeX/texmf-dist/tex/generic/pgf/systemlayer/
pgfsys.code.tex
Package: pgfsys 2020/01/08 v3.1.5b (3.1.5b)

(c:/Users/ketao/AppData/Roaming/TinyTeX/texmf-dist/tex/generic/pgf/utilities/pg
fkeys.code.tex
\pgfkeys@pathtoks=\toks22
\pgfkeys@temptoks=\toks23

(c:/Users/ketao/AppData/Roaming/TinyTeX/texmf-dist/tex/generic/pgf/utilities/pg
fkeysfiltered.code.tex
\pgfkeys@tmptoks=\toks24
))
\pgf@x=\dimen140
\pgf@y=\dimen141
\pgf@xa=\dimen142
\pgf@ya=\dimen143
\pgf@xb=\dimen144
\pgf@yb=\dimen145
\pgf@xc=\dimen146
\pgf@yc=\dimen147
\pgf@xd=\dimen148
\pgf@yd=\dimen149
\w@pgf@writea=\write3
\r@pgf@reada=\read2
\c@pgf@counta=\count182
\c@pgf@countb=\count183
\c@pgf@countc=\count184
\c@pgf@countd=\count185
\t@pgf@toka=\toks25
\t@pgf@tokb=\toks26
\t@pgf@tokc=\toks27
\pgf@sys@id@count=\count186

(c:/Users/ketao/AppData/Roaming/TinyTeX/texmf-dist/tex/generic/pgf/systemlayer/
pgf.cfg
File: pgf.cfg 2020/01/08 v3.1.5b (3.1.5b)
)
Driver file for pgf: pgfsys-pdftex.def

(c:/Users/ketao/AppData/Roaming/TinyTeX/texmf-dist/tex/generic/pgf/systemlayer/
pgfsys-pdftex.def
File: pgfsys-pdftex.def 2020/01/08 v3.1.5b (3.1.5b)

(c:/Users/ketao/AppData/Roaming/TinyTeX/texmf-dist/tex/generic/pgf/systemlayer/
pgfsys-common-pdf.def
File: pgfsys-common-pdf.def 2020/01/08 v3.1.5b (3.1.5b)
)))
(c:/Users/ketao/AppData/Roaming/TinyTeX/texmf-dist/tex/generic/pgf/systemlayer/
pgfsyssoftpath.code.tex
File: pgfsyssoftpath.code.tex 2020/01/08 v3.1.5b (3.1.5b)
\pgfsyssoftpath@smallbuffer@items=\count187
\pgfsyssoftpath@bigbuffer@items=\count188
)
(c:/Users/ketao/AppData/Roaming/TinyTeX/texmf-dist/tex/generic/pgf/systemlayer/
pgfsysprotocol.code.tex
File: pgfsysprotocol.code.tex 2020/01/08 v3.1.5b (3.1.5b)
)) (c:/Users/ketao/AppData/Roaming/TinyTeX/texmf-dist/tex/latex/xcolor/xcolor.s
ty
Package: xcolor 2016/05/11 v2.12 LaTeX color extensions (UK)

(c:/Users/ketao/AppData/Roaming/TinyTeX/texmf-dist/tex/latex/graphics-cfg/color
.cfg
File: color.cfg 2016/01/02 v1.6 sample color configuration
)
Package xcolor Info: Driver file: pdftex.def on input line 225.
Package xcolor Info: Model `cmy' substituted by `cmy0' on input line 1348.
Package xcolor Info: Model `hsb' substituted by `rgb' on input line 1352.
Package xcolor Info: Model `RGB' extended on input line 1364.
Package xcolor Info: Model `HTML' substituted by `rgb' on input line 1366.
Package xcolor Info: Model `Hsb' substituted by `hsb' on input line 1367.
Package xcolor Info: Model `tHsb' substituted by `hsb' on input line 1368.
Package xcolor Info: Model `HSB' substituted by `hsb' on input line 1369.
Package xcolor Info: Model `Gray' substituted by `gray' on input line 1370.
Package xcolor Info: Model `wave' substituted by `hsb' on input line 1371.
)
(c:/Users/ketao/AppData/Roaming/TinyTeX/texmf-dist/tex/generic/pgf/basiclayer/p
gfcore.code.tex
Package: pgfcore 2020/01/08 v3.1.5b (3.1.5b)

(c:/Users/ketao/AppData/Roaming/TinyTeX/texmf-dist/tex/generic/pgf/math/pgfmath
.code.tex
(c:/Users/ketao/AppData/Roaming/TinyTeX/texmf-dist/tex/generic/pgf/math/pgfmath
calc.code.tex
(c:/Users/ketao/AppData/Roaming/TinyTeX/texmf-dist/tex/generic/pgf/math/pgfmath
util.code.tex)
(c:/Users/ketao/AppData/Roaming/TinyTeX/texmf-dist/tex/generic/pgf/math/pgfmath
parser.code.tex
\pgfmath@dimen=\dimen150
\pgfmath@count=\count189
\pgfmath@box=\box52
\pgfmath@toks=\toks28
\pgfmath@stack@operand=\toks29
\pgfmath@stack@operation=\toks30
)
(c:/Users/ketao/AppData/Roaming/TinyTeX/texmf-dist/tex/generic/pgf/math/pgfmath
functions.code.tex
(c:/Users/ketao/AppData/Roaming/TinyTeX/texmf-dist/tex/generic/pgf/math/pgfmath
functions.basic.code.tex)
(c:/Users/ketao/AppData/Roaming/TinyTeX/texmf-dist/tex/generic/pgf/math/pgfmath
functions.trigonometric.code.tex)
(c:/Users/ketao/AppData/Roaming/TinyTeX/texmf-dist/tex/generic/pgf/math/pgfmath
functions.random.code.tex)
(c:/Users/ketao/AppData/Roaming/TinyTeX/texmf-dist/tex/generic/pgf/math/pgfmath
functions.comparison.code.tex)
(c:/Users/ketao/AppData/Roaming/TinyTeX/texmf-dist/tex/generic/pgf/math/pgfmath
functions.base.code.tex)
(c:/Users/ketao/AppData/Roaming/TinyTeX/texmf-dist/tex/generic/pgf/math/pgfmath
functions.round.code.tex)
(c:/Users/ketao/AppData/Roaming/TinyTeX/texmf-dist/tex/generic/pgf/math/pgfmath
functions.misc.code.tex)
(c:/Users/ketao/AppData/Roaming/TinyTeX/texmf-dist/tex/generic/pgf/math/pgfmath
functions.integerarithmetics.code.tex)))
(c:/Users/ketao/AppData/Roaming/TinyTeX/texmf-dist/tex/generic/pgf/math/pgfmath
float.code.tex
\c@pgfmathroundto@lastzeros=\count190
))
(c:/Users/ketao/AppData/Roaming/TinyTeX/texmf-dist/tex/generic/pgf/math/pgfint.
code.tex)
(c:/Users/ketao/AppData/Roaming/TinyTeX/texmf-dist/tex/generic/pgf/basiclayer/p
gfcorepoints.code.tex
File: pgfcorepoints.code.tex 2020/01/08 v3.1.5b (3.1.5b)
\pgf@picminx=\dimen151
\pgf@picmaxx=\dimen152
\pgf@picminy=\dimen153
\pgf@picmaxy=\dimen154
\pgf@pathminx=\dimen155
\pgf@pathmaxx=\dimen156
\pgf@pathminy=\dimen157
\pgf@pathmaxy=\dimen158
\pgf@xx=\dimen159
\pgf@xy=\dimen160
\pgf@yx=\dimen161
\pgf@yy=\dimen162
\pgf@zx=\dimen163
\pgf@zy=\dimen164
)
(c:/Users/ketao/AppData/Roaming/TinyTeX/texmf-dist/tex/generic/pgf/basiclayer/p
gfcorepathconstruct.code.tex
File: pgfcorepathconstruct.code.tex 2020/01/08 v3.1.5b (3.1.5b)
\pgf@path@lastx=\dimen165
\pgf@path@lasty=\dimen166
)
(c:/Users/ketao/AppData/Roaming/TinyTeX/texmf-dist/tex/generic/pgf/basiclayer/p
gfcorepathusage.code.tex
File: pgfcorepathusage.code.tex 2020/01/08 v3.1.5b (3.1.5b)
\pgf@shorten@end@additional=\dimen167
\pgf@shorten@start@additional=\dimen168
)
(c:/Users/ketao/AppData/Roaming/TinyTeX/texmf-dist/tex/generic/pgf/basiclayer/p
gfcorescopes.code.tex
File: pgfcorescopes.code.tex 2020/01/08 v3.1.5b (3.1.5b)
\pgfpic=\box53
\pgf@hbox=\box54
\pgf@layerbox@main=\box55
\pgf@picture@serial@count=\count191
)
(c:/Users/ketao/AppData/Roaming/TinyTeX/texmf-dist/tex/generic/pgf/basiclayer/p
gfcoregraphicstate.code.tex
File: pgfcoregraphicstate.code.tex 2020/01/08 v3.1.5b (3.1.5b)
\pgflinewidth=\dimen169
)
(c:/Users/ketao/AppData/Roaming/TinyTeX/texmf-dist/tex/generic/pgf/basiclayer/p
gfcoretransformations.code.tex
File: pgfcoretransformations.code.tex 2020/01/08 v3.1.5b (3.1.5b)
\pgf@pt@x=\dimen170
\pgf@pt@y=\dimen171
\pgf@pt@temp=\dimen172
)
(c:/Users/ketao/AppData/Roaming/TinyTeX/texmf-dist/tex/generic/pgf/basiclayer/p
gfcorequick.code.tex
File: pgfcorequick.code.tex 2020/01/08 v3.1.5b (3.1.5b)
)
(c:/Users/ketao/AppData/Roaming/TinyTeX/texmf-dist/tex/generic/pgf/basiclayer/p
gfcoreobjects.code.tex
File: pgfcoreobjects.code.tex 2020/01/08 v3.1.5b (3.1.5b)
)
(c:/Users/ketao/AppData/Roaming/TinyTeX/texmf-dist/tex/generic/pgf/basiclayer/p
gfcorepathprocessing.code.tex
File: pgfcorepathprocessing.code.tex 2020/01/08 v3.1.5b (3.1.5b)
)
(c:/Users/ketao/AppData/Roaming/TinyTeX/texmf-dist/tex/generic/pgf/basiclayer/p
gfcorearrows.code.tex
File: pgfcorearrows.code.tex 2020/01/08 v3.1.5b (3.1.5b)
\pgfarrowsep=\dimen173
)
(c:/Users/ketao/AppData/Roaming/TinyTeX/texmf-dist/tex/generic/pgf/basiclayer/p
gfcoreshade.code.tex
File: pgfcoreshade.code.tex 2020/01/08 v3.1.5b (3.1.5b)
\pgf@max=\dimen174
\pgf@sys@shading@range@num=\count192
\pgf@shadingcount=\count193
)
(c:/Users/ketao/AppData/Roaming/TinyTeX/texmf-dist/tex/generic/pgf/basiclayer/p
gfcoreimage.code.tex
File: pgfcoreimage.code.tex 2020/01/08 v3.1.5b (3.1.5b)

(c:/Users/ketao/AppData/Roaming/TinyTeX/texmf-dist/tex/generic/pgf/basiclayer/p
gfcoreexternal.code.tex
File: pgfcoreexternal.code.tex 2020/01/08 v3.1.5b (3.1.5b)
\pgfexternal@startupbox=\box56
))
(c:/Users/ketao/AppData/Roaming/TinyTeX/texmf-dist/tex/generic/pgf/basiclayer/p
gfcorelayers.code.tex
File: pgfcorelayers.code.tex 2020/01/08 v3.1.5b (3.1.5b)
)
(c:/Users/ketao/AppData/Roaming/TinyTeX/texmf-dist/tex/generic/pgf/basiclayer/p
gfcoretransparency.code.tex
File: pgfcoretransparency.code.tex 2020/01/08 v3.1.5b (3.1.5b)
)
(c:/Users/ketao/AppData/Roaming/TinyTeX/texmf-dist/tex/generic/pgf/basiclayer/p
gfcorepatterns.code.tex
File: pgfcorepatterns.code.tex 2020/01/08 v3.1.5b (3.1.5b)
)
(c:/Users/ketao/AppData/Roaming/TinyTeX/texmf-dist/tex/generic/pgf/basiclayer/p
gfcorerdf.code.tex
File: pgfcorerdf.code.tex 2020/01/08 v3.1.5b (3.1.5b)
)))
(c:/Users/ketao/AppData/Roaming/TinyTeX/texmf-dist/tex/generic/pgf/modules/pgfm
oduleshapes.code.tex
File: pgfmoduleshapes.code.tex 2020/01/08 v3.1.5b (3.1.5b)
\pgfnodeparttextbox=\box57
)
(c:/Users/ketao/AppData/Roaming/TinyTeX/texmf-dist/tex/generic/pgf/modules/pgfm
oduleplot.code.tex
File: pgfmoduleplot.code.tex 2020/01/08 v3.1.5b (3.1.5b)
)
(c:/Users/ketao/AppData/Roaming/TinyTeX/texmf-dist/tex/latex/pgf/compatibility/
pgfcomp-version-0-65.sty
Package: pgfcomp-version-0-65 2020/01/08 v3.1.5b (3.1.5b)
\pgf@nodesepstart=\dimen175
\pgf@nodesepend=\dimen176
)
(c:/Users/ketao/AppData/Roaming/TinyTeX/texmf-dist/tex/latex/pgf/compatibility/
pgfcomp-version-1-18.sty
Package: pgfcomp-version-1-18 2020/01/08 v3.1.5b (3.1.5b)
))
(c:/Users/ketao/AppData/Roaming/TinyTeX/texmf-dist/tex/latex/pgf/utilities/pgff
or.sty
(c:/Users/ketao/AppData/Roaming/TinyTeX/texmf-dist/tex/latex/pgf/utilities/pgfk
eys.sty
(c:/Users/ketao/AppData/Roaming/TinyTeX/texmf-dist/tex/generic/pgf/utilities/pg
fkeys.code.tex))
(c:/Users/ketao/AppData/Roaming/TinyTeX/texmf-dist/tex/latex/pgf/math/pgfmath.s
ty
(c:/Users/ketao/AppData/Roaming/TinyTeX/texmf-dist/tex/generic/pgf/math/pgfmath
.code.tex))
(c:/Users/ketao/AppData/Roaming/TinyTeX/texmf-dist/tex/generic/pgf/utilities/pg
ffor.code.tex
Package: pgffor 2020/01/08 v3.1.5b (3.1.5b)

(c:/Users/ketao/AppData/Roaming/TinyTeX/texmf-dist/tex/generic/pgf/math/pgfmath
.code.tex)
\pgffor@iter=\dimen177
\pgffor@skip=\dimen178
\pgffor@stack=\toks31
\pgffor@toks=\toks32
))
(c:/Users/ketao/AppData/Roaming/TinyTeX/texmf-dist/tex/generic/pgf/frontendlaye
r/tikz/tikz.code.tex
Package: tikz 2020/01/08 v3.1.5b (3.1.5b)

(c:/Users/ketao/AppData/Roaming/TinyTeX/texmf-dist/tex/generic/pgf/libraries/pg
flibraryplothandlers.code.tex
File: pgflibraryplothandlers.code.tex 2020/01/08 v3.1.5b (3.1.5b)
\pgf@plot@mark@count=\count194
\pgfplotmarksize=\dimen179
)
\tikz@lastx=\dimen180
\tikz@lasty=\dimen181
\tikz@lastxsaved=\dimen182
\tikz@lastysaved=\dimen183
\tikz@lastmovetox=\dimen184
\tikz@lastmovetoy=\dimen185
\tikzleveldistance=\dimen186
\tikzsiblingdistance=\dimen187
\tikz@figbox=\box58
\tikz@figbox@bg=\box59
\tikz@tempbox=\box60
\tikz@tempbox@bg=\box61
\tikztreelevel=\count195
\tikznumberofchildren=\count196
\tikznumberofcurrentchild=\count197
\tikz@fig@count=\count198

(c:/Users/ketao/AppData/Roaming/TinyTeX/texmf-dist/tex/generic/pgf/modules/pgfm
odulematrix.code.tex
File: pgfmodulematrix.code.tex 2020/01/08 v3.1.5b (3.1.5b)
\pgfmatrixcurrentrow=\count199
\pgfmatrixcurrentcolumn=\count266
\pgf@matrix@numberofcolumns=\count267
)
\tikz@expandcount=\count268

(c:/Users/ketao/AppData/Roaming/TinyTeX/texmf-dist/tex/generic/pgf/frontendlaye
r/tikz/libraries/tikzlibrarytopaths.code.tex
File: tikzlibrarytopaths.code.tex 2020/01/08 v3.1.5b (3.1.5b)
)))
(c:/Users/ketao/AppData/Roaming/TinyTeX/texmf-dist/tex/latex/geometry/geometry.
sty
Package: geometry 2020/01/02 v5.9 Page Geometry

(c:/Users/ketao/AppData/Roaming/TinyTeX/texmf-dist/tex/generic/iftex/ifvtex.sty
Package: ifvtex 2019/10/25 v1.7 ifvtex legacy package. Use iftex instead.
(c:/Users/ketao/AppData/Roaming/TinyTeX/texmf-dist/tex/generic/iftex/iftex.sty
Package: iftex 2019/11/07 v1.0c TeX engine tests
))
\Gm@cnth=\count269
\Gm@cntv=\count270
\c@Gm@tempcnt=\count271
\Gm@bindingoffset=\dimen188
\Gm@wd@mp=\dimen189
\Gm@odd@mp=\dimen190
\Gm@even@mp=\dimen191
\Gm@layoutwidth=\dimen192
\Gm@layoutheight=\dimen193
\Gm@layouthoffset=\dimen194
\Gm@layoutvoffset=\dimen195
\Gm@dimlist=\toks33
)
(c:/Users/ketao/AppData/Roaming/TinyTeX/texmf-dist/tex/latex/fancyhdr/fancyhdr.
sty
Package: fancyhdr 2019/01/31 v3.10 Extensive control of page headers and footer
s
\f@nch@headwidth=\skip53
\f@nch@O@elh=\skip54
\f@nch@O@erh=\skip55
\f@nch@O@olh=\skip56
\f@nch@O@orh=\skip57
\f@nch@O@elf=\skip58
\f@nch@O@erf=\skip59
\f@nch@O@olf=\skip60
\f@nch@O@orf=\skip61
)
(c:/Users/ketao/AppData/Roaming/TinyTeX/texmf-dist/tex/latex/microtype/microtyp
e.sty
Package: microtype 2019/11/18 v2.7d Micro-typographical refinements (RS)
\MT@toks=\toks34
\MT@count=\count272
LaTeX Info: Redefining \textls on input line 790.
\MT@outer@kern=\dimen196
LaTeX Info: Redefining \textmicrotypecontext on input line 1354.
\MT@listname@count=\count273

(c:/Users/ketao/AppData/Roaming/TinyTeX/texmf-dist/tex/latex/microtype/microtyp
e-pdftex.def
File: microtype-pdftex.def 2019/11/18 v2.7d Definitions specific to pdftex (RS)

LaTeX Info: Redefining \lsstyle on input line 914.
LaTeX Info: Redefining \lslig on input line 914.
\MT@outer@space=\skip62
)
Package microtype Info: Loading configuration file microtype.cfg.

(c:/Users/ketao/AppData/Roaming/TinyTeX/texmf-dist/tex/latex/microtype/microtyp
e.cfg
File: microtype.cfg 2019/11/18 v2.7d microtype main configuration file (RS)
)) (c:/Users/ketao/AppData/Roaming/TinyTeX/texmf-dist/tex/latex/psnfss/helvet.s
ty
Package: helvet 2005/04/12 PSNFSS-v9.2a (WaS) 
)
(c:/Users/ketao/AppData/Roaming/TinyTeX/texmf-dist/tex/latex/psnfss/palatino.st
y
Package: palatino 2005/04/12 PSNFSS-v9.2a (SPQR) 
)
(c:/Users/ketao/AppData/Roaming/TinyTeX/texmf-dist/tex/latex/psnfss/mathpazo.st
y
Package: mathpazo 2005/04/12 PSNFSS-v9.2a Palatino w/ Pazo Math (D.Puga, WaS) 
\symupright=\mathgroup4
)
(c:/Users/ketao/AppData/Roaming/TinyTeX/texmf-dist/tex/latex/inconsolata/incons
olata.sty
Package: inconsolata 2019/05/17 v1.12
`inconsolata-zi4' v1.12, 2019/05/17 Text macros for Inconsolata (msharpe) (c:/U
sers/ketao/AppData/Roaming/TinyTeX/texmf-dist/tex/latex/base/textcomp.sty
Package: textcomp 2020/02/02 v2.0n Standard LaTeX package
)
(c:/Users/ketao/AppData/Roaming/TinyTeX/texmf-dist/tex/latex/xkeyval/xkeyval.st
y
Package: xkeyval 2014/12/03 v2.7a package option processing (HA)

(c:/Users/ketao/AppData/Roaming/TinyTeX/texmf-dist/tex/generic/xkeyval/xkeyval.
tex
(c:/Users/ketao/AppData/Roaming/TinyTeX/texmf-dist/tex/generic/xkeyval/xkvutils
.tex
\XKV@toks=\toks35
\XKV@tempa@toks=\toks36
)
\XKV@depth=\count274
File: xkeyval.tex 2014/12/03 v2.7a key=value parser (HA)
))
\zifour@ocount=\count275
) (c:/Users/ketao/AppData/Roaming/TinyTeX/texmf-dist/tex/latex/base/fontenc.sty
Package: fontenc 2020/02/11 v2.0o Standard LaTeX package
LaTeX Font Info:    Trying to load font information for T1+ppl on input line 11
2.
(c:/Users/ketao/AppData/Roaming/TinyTeX/texmf-dist/tex/latex/psnfss/t1ppl.fd
File: t1ppl.fd 2001/06/04 font definitions for T1/ppl.
)) (c:/Users/ketao/AppData/Roaming/TinyTeX/texmf-dist/tex/latex/url/url.sty
\Urlmuskip=\muskip16
Package: url 2013/09/16  ver 3.4  Verb mode for urls, etc.
)
(c:/Users/ketao/AppData/Roaming/TinyTeX/texmf-dist/tex/latex/hyperref/hyperref.
sty
Package: hyperref 2020/01/14 v7.00d Hypertext links for LaTeX

(c:/Users/ketao/AppData/Roaming/TinyTeX/texmf-dist/tex/generic/ltxcmds/ltxcmds.
sty
Package: ltxcmds 2019/12/15 v1.24 LaTeX kernel commands for general use (HO)
)
(c:/Users/ketao/AppData/Roaming/TinyTeX/texmf-dist/tex/latex/pdftexcmds/pdftexc
mds.sty
Package: pdftexcmds 2019/11/24 v0.31 Utility functions of pdfTeX for LuaTeX (HO
)

(c:/Users/ketao/AppData/Roaming/TinyTeX/texmf-dist/tex/generic/infwarerr/infwar
err.sty
Package: infwarerr 2019/12/03 v1.5 Providing info/warning/error messages (HO)
)
Package pdftexcmds Info: \pdf@primitive is available.
Package pdftexcmds Info: \pdf@ifprimitive is available.
Package pdftexcmds Info: \pdfdraftmode found.
)
(c:/Users/ketao/AppData/Roaming/TinyTeX/texmf-dist/tex/generic/kvsetkeys/kvsetk
eys.sty
Package: kvsetkeys 2019/12/15 v1.18 Key value parser (HO)
)
(c:/Users/ketao/AppData/Roaming/TinyTeX/texmf-dist/tex/generic/kvdefinekeys/kvd
efinekeys.sty
Package: kvdefinekeys 2019-12-19 v1.6 Define keys (HO)
)
(c:/Users/ketao/AppData/Roaming/TinyTeX/texmf-dist/tex/generic/pdfescape/pdfesc
ape.sty
Package: pdfescape 2019/12/09 v1.15 Implements pdfTeX's escape features (HO)
)
(c:/Users/ketao/AppData/Roaming/TinyTeX/texmf-dist/tex/latex/hycolor/hycolor.st
y
Package: hycolor 2020-01-27 v1.10 Color options for hyperref/bookmark (HO)
)
(c:/Users/ketao/AppData/Roaming/TinyTeX/texmf-dist/tex/latex/letltxmacro/letltx
macro.sty
Package: letltxmacro 2019/12/03 v1.6 Let assignment for LaTeX macros (HO)
)
(c:/Users/ketao/AppData/Roaming/TinyTeX/texmf-dist/tex/latex/auxhook/auxhook.st
y
Package: auxhook 2019-12-17 v1.6 Hooks for auxiliary files (HO)
)
(c:/Users/ketao/AppData/Roaming/TinyTeX/texmf-dist/tex/latex/kvoptions/kvoption
s.sty
Package: kvoptions 2019/11/29 v3.13 Key value format for package options (HO)
)
\@linkdim=\dimen197
\Hy@linkcounter=\count276
\Hy@pagecounter=\count277

(c:/Users/ketao/AppData/Roaming/TinyTeX/texmf-dist/tex/latex/hyperref/pd1enc.de
f
File: pd1enc.def 2020/01/14 v7.00d Hyperref: PDFDocEncoding definition (HO)
Now handling font encoding PD1 ...
... no UTF-8 mapping file for font encoding PD1
)
(c:/Users/ketao/AppData/Roaming/TinyTeX/texmf-dist/tex/generic/intcalc/intcalc.
sty
Package: intcalc 2019/12/15 v1.3 Expandable calculations with integers (HO)
)
(c:/Users/ketao/AppData/Roaming/TinyTeX/texmf-dist/tex/generic/etexcmds/etexcmd
s.sty
Package: etexcmds 2019/12/15 v1.7 Avoid name clashes with e-TeX commands (HO)
)
\Hy@SavedSpaceFactor=\count278
\pdfmajorversion=\count279
Package hyperref Info: Hyper figures OFF on input line 4547.
Package hyperref Info: Link nesting OFF on input line 4552.
Package hyperref Info: Hyper index ON on input line 4555.
Package hyperref Info: Plain pages OFF on input line 4562.
Package hyperref Info: Backreferencing ON on input line 4565.
Package hyperref Info: Implicit mode ON; LaTeX internals redefined.
Package hyperref Info: Bookmarks ON on input line 4800.

(c:/Users/ketao/AppData/Roaming/TinyTeX/texmf-dist/tex/latex/hyperref/backref.s
ty
Package: backref 2020/01/14 v1.40 Bibliographical back referencing

(c:/Users/ketao/AppData/Roaming/TinyTeX/texmf-dist/tex/latex/rerunfilecheck/rer
unfilecheck.sty
Package: rerunfilecheck 2019/12/05 v1.9 Rerun checks for auxiliary files (HO)

(c:/Users/ketao/AppData/Roaming/TinyTeX/texmf-dist/tex/latex/atveryend/atveryen
d.sty
Package: atveryend 2019-12-11 v1.11 Hooks at the very end of document (HO)
Package atveryend Info: \enddocument detected (standard20110627).
)
(c:/Users/ketao/AppData/Roaming/TinyTeX/texmf-dist/tex/generic/uniquecounter/un
iquecounter.sty
Package: uniquecounter 2019/12/15 v1.4 Provide unlimited unique counter (HO)

(c:/Users/ketao/AppData/Roaming/TinyTeX/texmf-dist/tex/generic/bigintcalc/bigin
tcalc.sty
Package: bigintcalc 2019/12/15 v1.5 Expandable calculations on big integers (HO
)
))
Package uniquecounter Info: New unique counter `rerunfilecheck' on input line 2
86.
))
\c@Hy@tempcnt=\count280
LaTeX Info: Redefining \url on input line 5159.
\XeTeXLinkMargin=\dimen198

(c:/Users/ketao/AppData/Roaming/TinyTeX/texmf-dist/tex/generic/bitset/bitset.st
y
Package: bitset 2019/12/09 v1.3 Handle bit-vector datatype (HO)
)
\Fld@menulength=\count281
\Field@Width=\dimen199
\Fld@charsize=\dimen256
Package hyperref Info: Hyper figures OFF on input line 6430.
Package hyperref Info: Link nesting OFF on input line 6435.
Package hyperref Info: Hyper index ON on input line 6438.
Package hyperref Info: backreferencing ON on input line 6443.
Package hyperref Info: Link coloring OFF on input line 6450.
Package hyperref Info: Link coloring with OCG OFF on input line 6455.
Package hyperref Info: PDF/A mode OFF on input line 6460.
LaTeX Info: Redefining \ref on input line 6500.
LaTeX Info: Redefining \pageref on input line 6504.

(c:/Users/ketao/AppData/Roaming/TinyTeX/texmf-dist/tex/generic/atbegshi/atbegsh
i.sty
Package: atbegshi 2019/12/05 v1.19 At begin shipout hook (HO)
)
\Hy@abspage=\count282
\c@Item=\count283
\c@Hfootnote=\count284
)
Package hyperref Info: Driver (autodetected): hpdftex.

(c:/Users/ketao/AppData/Roaming/TinyTeX/texmf-dist/tex/latex/hyperref/hpdftex.d
ef
File: hpdftex.def 2020/01/14 v7.00d Hyperref driver for pdfTeX
\Fld@listcount=\count285
\c@bookmark@seq@number=\count286
\Hy@SectionHShift=\skip63
)
Package hyperref Info: Option `colorlinks' set `true' on input line 68.

(c:/Users/ketao/AppData/Roaming/TinyTeX/texmf-dist/tex/latex/setspace/setspace.
sty
Package: setspace 2011/12/19 v6.7a set line spacing
)
(c:/Users/ketao/AppData/Roaming/TinyTeX/texmf-dist/tex/latex/titlesec/titlesec.
sty
Package: titlesec 2019/10/16 v2.13 Sectioning titles
\ttl@box=\box62
\beforetitleunit=\skip64
\aftertitleunit=\skip65
\ttl@plus=\dimen257
\ttl@minus=\dimen258
\ttl@toksa=\toks37
\titlewidth=\dimen259
\titlewidthlast=\dimen260
\titlewidthfirst=\dimen261
)
(c:/Users/ketao/AppData/Roaming/TinyTeX/texmf-dist/tex/latex/titlesec/titletoc.
sty
Package: titletoc 2019/10/16 v2.13 TOC entries
\ttl@leftsep=\dimen262
)
(c:/Users/ketao/AppData/Roaming/TinyTeX/texmf-dist/tex/latex/placeins/placeins.
sty
Package: placeins 2005/04/18  v 2.2
) (c:/Users/ketao/AppData/Roaming/TinyTeX/texmf-dist/tex/latex/natbib/natbib.st
y
Package: natbib 2010/09/13 8.31b (PWD, AO)
\bibhang=\skip66
\bibsep=\skip67
LaTeX Info: Redefining \cite on input line 694.
\c@NAT@ctr=\count287
)
(c:/Users/ketao/AppData/Roaming/TinyTeX/texmf-dist/tex/latex/fancyvrb/fancyvrb.
sty
Package: fancyvrb 2020/01/13 v3.5 verbatim text (tvz,hv)
\FV@CodeLineNo=\count288
\FV@InFile=\read3
\FV@TabBox=\box63
\c@FancyVerbLine=\count289
\FV@StepNumber=\count290
\FV@OutFile=\write4
) (c:/Users/ketao/AppData/Roaming/TinyTeX/texmf-dist/tex/latex/base/alltt.sty
Package: alltt 1997/06/16 v2.0g defines alltt environment
)
(c:/Users/ketao/AppData/Roaming/TinyTeX/texmf-dist/tex/latex/amsfonts/amsfonts.
sty
Package: amsfonts 2013/01/14 v3.01 Basic AMSFonts support
\@emptytoks=\toks38
\symAMSa=\mathgroup5
\symAMSb=\mathgroup6
LaTeX Font Info:    Redeclaring math symbol \hbar on input line 98.
LaTeX Font Info:    Overwriting math alphabet `\mathfrak' in version `bold'
(Font)                  U/euf/m/n --> U/euf/b/n on input line 106.
)
(c:/Users/ketao/AppData/Roaming/TinyTeX/texmf-dist/tex/latex/caption/caption.st
y
Package: caption 2020/01/03 v3.4h Customizing captions (AR)

(c:/Users/ketao/AppData/Roaming/TinyTeX/texmf-dist/tex/latex/caption/caption3.s
ty
Package: caption3 2020/01/03 v1.8h caption3 kernel (AR)
Package caption3 Info: TeX engine: e-TeX on input line 61.
\captionmargin=\dimen263
\captionmargin@=\dimen264
\captionwidth=\dimen265
\caption@tempdima=\dimen266
\caption@indent=\dimen267
\caption@parindent=\dimen268
\caption@hangindent=\dimen269
Package caption Info: Standard document class detected.
)
\c@caption@flags=\count291
\c@continuedfloat=\count292
Package caption Info: float package is loaded.
Package caption Info: hyperref package is loaded.
Package caption Info: longtable package is loaded.

(c:/Users/ketao/AppData/Roaming/TinyTeX/texmf-dist/tex/latex/caption/ltcaption.
sty
Package: ltcaption 2018/08/26 v1.4a longtable captions (AR)
))
(c:/Users/ketao/AppData/Roaming/TinyTeX/texmf-dist/tex/latex/environ/environ.st
y
Package: environ 2014/05/04 v0.3 A new way to define environments

(c:/Users/ketao/AppData/Roaming/TinyTeX/texmf-dist/tex/latex/trimspaces/trimspa
ces.sty
Package: trimspaces 2009/09/17 v1.1 Trim spaces around a token list
)
\@envbody=\toks39
))
(c:/Users/ketao/AppData/Roaming/TinyTeX/texmf-dist/tex/latex/amsmath/amsmath.st
y
Package: amsmath 2020/01/20 v2.17e AMS math features
\@mathmargin=\skip68
For additional information on amsmath, use the `?' option.

(c:/Users/ketao/AppData/Roaming/TinyTeX/texmf-dist/tex/latex/amsmath/amstext.st
y
Package: amstext 2000/06/29 v2.01 AMS text

(c:/Users/ketao/AppData/Roaming/TinyTeX/texmf-dist/tex/latex/amsmath/amsgen.sty
File: amsgen.sty 1999/11/30 v2.0 generic functions
\@emptytoks=\toks40
\ex@=\dimen270
))
(c:/Users/ketao/AppData/Roaming/TinyTeX/texmf-dist/tex/latex/amsmath/amsbsy.sty
Package: amsbsy 1999/11/29 v1.2d Bold Symbols
\pmbraise@=\dimen271
)
(c:/Users/ketao/AppData/Roaming/TinyTeX/texmf-dist/tex/latex/amsmath/amsopn.sty
Package: amsopn 2016/03/08 v2.02 operator names
LaTeX Info: Redefining \operatorname on input line 43.
)
\inf@bad=\count293
LaTeX Info: Redefining \frac on input line 227.
\uproot@=\count294
\leftroot@=\count295
LaTeX Info: Redefining \overline on input line 389.
\classnum@=\count296
\DOTSCASE@=\count297
LaTeX Info: Redefining \ldots on input line 486.
LaTeX Info: Redefining \dots on input line 489.
LaTeX Info: Redefining \cdots on input line 610.
\Mathstrutbox@=\box64
\strutbox@=\box65
\big@size=\dimen272
LaTeX Font Info:    Redeclaring font encoding OML on input line 733.
LaTeX Font Info:    Redeclaring font encoding OMS on input line 734.
\macc@depth=\count298
\c@MaxMatrixCols=\count299
\dotsspace@=\muskip17
\c@parentequation=\count300
\dspbrk@lvl=\count301
\tag@help=\toks41
\row@=\count302
\column@=\count303
\maxfields@=\count304
\andhelp@=\toks42
\eqnshift@=\dimen273
\alignsep@=\dimen274
\tagshift@=\dimen275
\tagwidth@=\dimen276
\totwidth@=\dimen277
\lineht@=\dimen278
\@envbody=\toks43
\multlinegap=\skip69
\multlinetaggap=\skip70
\mathdisplay@stack=\toks44
LaTeX Info: Redefining \[ on input line 2859.
LaTeX Info: Redefining \] on input line 2860.
)
(c:/Users/ketao/AppData/Roaming/TinyTeX/texmf-dist/tex/latex/amsfonts/amssymb.s
ty
Package: amssymb 2013/01/14 v3.01 AMS font symbols
) (c:/Users/ketao/AppData/Roaming/TinyTeX/texmf-dist/tex/latex/tools/array.sty
Package: array 2019/08/31 v2.4l Tabular extension package (FMi)
\col@sep=\dimen279
\ar@mcellbox=\box66
\extrarowheight=\dimen280
\NC@list=\toks45
\extratabsurround=\skip71
\backup@length=\skip72
\ar@cellbox=\box67
)
(c:/Users/ketao/AppData/Roaming/TinyTeX/texmf-dist/tex/latex/booktabs/booktabs.
sty
Package: booktabs 2020/01/12 v1.61803398 Publication quality tables
\heavyrulewidth=\dimen281
\lightrulewidth=\dimen282
\cmidrulewidth=\dimen283
\belowrulesep=\dimen284
\belowbottomsep=\dimen285
\aboverulesep=\dimen286
\abovetopsep=\dimen287
\cmidrulesep=\dimen288
\cmidrulekern=\dimen289
\defaultaddspace=\dimen290
\@cmidla=\count305
\@cmidlb=\count306
\@aboverulesep=\dimen291
\@belowrulesep=\dimen292
\@thisruleclass=\count307
\@lastruleclass=\count308
\@thisrulewidth=\dimen293
)
(c:/Users/ketao/AppData/Roaming/TinyTeX/texmf-dist/tex/latex/l3backend/l3backen
d-pdfmode.def
File: l3backend-pdfmode.def 2020-02-23 L3 backend support: PDF mode
\l__kernel_color_stack_int=\count309
\l__pdf_internal_box=\box68
) (./RJwrapper.aux)
\openout1 = `RJwrapper.aux'.

LaTeX Font Info:    Checking defaults for OML/cmm/m/it on input line 13.
LaTeX Font Info:    ... okay on input line 13.
LaTeX Font Info:    Checking defaults for OMS/cmsy/m/n on input line 13.
LaTeX Font Info:    ... okay on input line 13.
LaTeX Font Info:    Checking defaults for OT1/cmr/m/n on input line 13.
LaTeX Font Info:    ... okay on input line 13.
LaTeX Font Info:    Checking defaults for T1/cmr/m/n on input line 13.
LaTeX Font Info:    ... okay on input line 13.
LaTeX Font Info:    Checking defaults for TS1/cmr/m/n on input line 13.
LaTeX Font Info:    ... okay on input line 13.
LaTeX Font Info:    Checking defaults for OMX/cmex/m/n on input line 13.
LaTeX Font Info:    ... okay on input line 13.
LaTeX Font Info:    Checking defaults for U/cmr/m/n on input line 13.
LaTeX Font Info:    ... okay on input line 13.
LaTeX Font Info:    Checking defaults for PD1/pdf/m/n on input line 13.
LaTeX Font Info:    ... okay on input line 13.
ABD: EveryShipout initializing macros
(c:/Users/ketao/AppData/Roaming/TinyTeX/texmf-dist/tex/latex/epstopdf-pkg/epsto
pdf-base.sty
Package: epstopdf-base 2020-01-24 v2.11 Base part for package epstopdf
Package epstopdf-base Info: Redefining graphics rule for `.eps' on input line 4
85.

(c:/Users/ketao/AppData/Roaming/TinyTeX/texmf-dist/tex/latex/latexconfig/epstop
df-sys.cfg
File: epstopdf-sys.cfg 2010/07/13 v1.3 Configuration of (r)epstopdf for TeX Liv
e
))
*geometry* driver: auto-detecting
*geometry* detected driver: pdftex
*geometry* verbose mode - [ preamble ] result:
* driver: pdftex
* paper: a4paper
* layout: <same size as paper>
* layoutoffset:(h,v)=(0.0pt,0.0pt)
* hratio: 1:1
* vratio: 1:1
* modes: includehead includefoot 
* h-part:(L,W,R)=(99.58464pt, 398.33858pt, 99.58466pt)
* v-part:(T,H,B)=(28.45274pt, 788.14136pt, 28.45274pt)
* \paperwidth=597.50787pt
* \paperheight=845.04684pt
* \textwidth=398.33858pt
* \textheight=708.46223pt
* \oddsidemargin=27.31465pt
* \evensidemargin=27.31465pt
* \topmargin=-43.81725pt
* \headheight=12.0pt
* \headsep=25.0pt
* \topskip=10.0pt
* \footskip=42.67912pt
* \marginparwidth=57.0pt
* \marginparsep=11.0pt
* \columnsep=10.0pt
* \skip\footins=9.0pt plus 4.0pt minus 2.0pt
* \hoffset=0.0pt
* \voffset=0.0pt
* \mag=1000
* \@twocolumnfalse
* \@twosidefalse
* \@mparswitchfalse
* \@reversemarginfalse
* (1in=72.27pt=25.4mm, 1cm=28.453pt)

LaTeX Info: Redefining \microtypecontext on input line 13.
Package microtype Info: Generating PDF output.
Package microtype Info: Character protrusion enabled (level 2).
Package microtype Info: Using default protrusion set `alltext'.
Package microtype Info: Automatic font expansion enabled (level 2),
(microtype)             stretch: 20, shrink: 20, step: 1, non-selected.
Package microtype Info: Using default expansion set `basictext'.
LaTeX Info: Redefining \showhyphens on input line 13.
Package microtype Info: No adjustment of tracking.
Package microtype Info: No adjustment of interword spacing.
Package microtype Info: No adjustment of character kerning.

(c:/Users/ketao/AppData/Roaming/TinyTeX/texmf-dist/tex/latex/microtype/mt-ppl.c
fg
File: mt-ppl.cfg 2005/11/16 v1.6 microtype config. file: Palatino (RS)
)
(c:/Users/ketao/AppData/Roaming/TinyTeX/texmf-dist/tex/latex/upquote/upquote.st
y
Package: upquote 2012/04/19 v1.3 upright-quote and grave-accent glyphs in verba
tim
)
Package backref Info: ** backref set up for natbib ** on input line 13.
\AtBeginShipoutBox=\box69
Package hyperref Info: Link coloring ON on input line 13.

(c:/Users/ketao/AppData/Roaming/TinyTeX/texmf-dist/tex/latex/hyperref/nameref.s
ty
Package: nameref 2019/09/16 v2.46 Cross-referencing by name of section

(c:/Users/ketao/AppData/Roaming/TinyTeX/texmf-dist/tex/latex/refcount/refcount.
sty
Package: refcount 2019/12/15 v3.6 Data extraction from label references (HO)
)
(c:/Users/ketao/AppData/Roaming/TinyTeX/texmf-dist/tex/generic/gettitlestring/g
ettitlestring.sty
Package: gettitlestring 2019/12/15 v1.6 Cleanup title references (HO)
)
\c@section@level=\count310
)
LaTeX Info: Redefining \ref on input line 13.
LaTeX Info: Redefining \pageref on input line 13.
LaTeX Info: Redefining \nameref on input line 13.
(./RJwrapper.out) (./RJwrapper.out)
\@outlinefile=\write5
\openout5 = `RJwrapper.out'.

Package caption Info: Begin \AtBeginDocument code.
Package caption Info: End \AtBeginDocument code.
(./main.tex

Package hyperref Warning: Difference (2) between bookmark levels is greater 
(hyperref)                than one, level fixed on input line 29.

LaTeX Font Info:    Trying to load font information for TS1+ppl on input line 5
5.
(c:/Users/ketao/AppData/Roaming/TinyTeX/texmf-dist/tex/latex/psnfss/ts1ppl.fd
File: ts1ppl.fd 2001/06/04 font definitions for TS1/ppl.
)
LaTeX Font Info:    Trying to load font information for T1+zi4 on input line 87
.

(c:/Users/ketao/AppData/Roaming/TinyTeX/texmf-dist/tex/latex/inconsolata/t1zi4.
fd
File: t1zi4.fd 2018/01/14 T1/zi4 (Inconsolata)
)
LaTeX Font Info:    Font shape `T1/zi4/m/n' will be
(Font)              scaled to size 9.18004pt on input line 87.
Package microtype Info: Loading generic protrusion settings for font family
(microtype)             `zi4' (encoding: T1).
(microtype)             For optimal results, create family-specific settings.
(microtype)             See the microtype manual for details.
LaTeX Font Info:    Trying to load font information for OT1+ppl on input line 8
7.
(c:/Users/ketao/AppData/Roaming/TinyTeX/texmf-dist/tex/latex/psnfss/ot1ppl.fd
File: ot1ppl.fd 2001/06/04 font definitions for OT1/ppl.
)
LaTeX Font Info:    Trying to load font information for OML+zplm on input line 
87.
(c:/Users/ketao/AppData/Roaming/TinyTeX/texmf-dist/tex/latex/psnfss/omlzplm.fd
File: omlzplm.fd 2002/09/08 Fontinst v1.914 font definitions for OML/zplm.
)
LaTeX Font Info:    Trying to load font information for OMS+zplm on input line 
87.
(c:/Users/ketao/AppData/Roaming/TinyTeX/texmf-dist/tex/latex/psnfss/omszplm.fd
File: omszplm.fd 2002/09/08 Fontinst v1.914 font definitions for OMS/zplm.
)
LaTeX Font Info:    Trying to load font information for OMX+zplm on input line 
87.
(c:/Users/ketao/AppData/Roaming/TinyTeX/texmf-dist/tex/latex/psnfss/omxzplm.fd
File: omxzplm.fd 2002/09/08 Fontinst v1.914 font definitions for OMX/zplm.
)
LaTeX Font Info:    Trying to load font information for OT1+zplm on input line 
87.
(c:/Users/ketao/AppData/Roaming/TinyTeX/texmf-dist/tex/latex/psnfss/ot1zplm.fd
File: ot1zplm.fd 2002/09/08 Fontinst v1.914 font definitions for OT1/zplm.
)
Package microtype Info: Loading generic protrusion settings for font family
(microtype)             `zplm' (encoding: OT1).
(microtype)             For optimal results, create family-specific settings.
(microtype)             See the microtype manual for details.
LaTeX Font Info:    Font shape `U/msa/m/n' will be
(Font)              scaled to size 9.37807pt on input line 87.

(c:/Users/ketao/AppData/Roaming/TinyTeX/texmf-dist/tex/latex/microtype/mt-msa.c
fg
File: mt-msa.cfg 2006/02/04 v1.1 microtype config. file: AMS symbols (a) (RS)
)
LaTeX Font Info:    Font shape `U/msa/m/n' will be
(Font)              scaled to size 7.29405pt on input line 87.
LaTeX Font Info:    Font shape `U/msa/m/n' will be
(Font)              scaled to size 5.21004pt on input line 87.
LaTeX Font Info:    Font shape `U/msb/m/n' will be
(Font)              scaled to size 9.37807pt on input line 87.

(c:/Users/ketao/AppData/Roaming/TinyTeX/texmf-dist/tex/latex/microtype/mt-msb.c
fg
File: mt-msb.cfg 2005/06/01 v1.0 microtype config. file: AMS symbols (b) (RS)
)
LaTeX Font Info:    Font shape `U/msb/m/n' will be
(Font)              scaled to size 7.29405pt on input line 87.
LaTeX Font Info:    Font shape `U/msb/m/n' will be
(Font)              scaled to size 5.21004pt on input line 87.
[1{c:/Users/ketao/AppData/Roaming/TinyTeX/texmf-var/fonts/map/pdftex/updmap/pdf
tex.map}

]
<Project Plan.PNG, id=255, 501.37312pt x 213.79875pt>
File: Project Plan.PNG Graphic file (type png)
<use Project Plan.PNG>
Package pdftex.def Info: Project Plan.PNG  used on input line 126.
(pdftex.def)             Requested size: 501.37189pt x 213.79822pt.

Overfull \hbox (103.03331pt too wide) in paragraph at lines 126--127
 [][] 
 []

[2 <./Project Plan.PNG>] [3]
Overfull \hbox (0.96297pt too wide) in paragraph at lines 518--519
[]\T1/ppl/m/n/9 (-20) (18.69%)|  
 []


Overfull \hbox (0.96297pt too wide) in paragraph at lines 534--535
[]\T1/ppl/m/n/9 (-20) (18.69%)|  
 []


Overfull \hbox (15.96992pt too wide) in paragraph at lines 539--539
[]\T1/ppl/m/n/9 (-20) calculated_host_listings_count  
 []

[4]

LaTeX Warning: Reference `tab:dataset_summary' on page 5 undefined on input lin
e 579.

LaTeX Font Info:    Font shape `U/msa/m/n' will be
(Font)              scaled to size 10.42007pt on input line 606.
LaTeX Font Info:    Font shape `U/msa/m/n' will be
(Font)              scaled to size 7.91925pt on input line 606.
LaTeX Font Info:    Font shape `U/msa/m/n' will be
(Font)              scaled to size 6.25204pt on input line 606.
LaTeX Font Info:    Font shape `U/msb/m/n' will be
(Font)              scaled to size 10.42007pt on input line 606.
LaTeX Font Info:    Font shape `U/msb/m/n' will be
(Font)              scaled to size 7.91925pt on input line 606.
LaTeX Font Info:    Font shape `U/msb/m/n' will be
(Font)              scaled to size 6.25204pt on input line 606.

Overfull \hbox (96.86601pt too wide) in paragraph at lines 606--607
 [][] 
 []


Overfull \hbox (25.65721pt too wide) in paragraph at lines 633--634
 [][] 
 []

<main_files/figure-latex/plot_notes2-1.pdf, id=293, 469.755pt x 325.215pt>
File: main_files/figure-latex/plot_notes2-1.pdf Graphic file (type pdf)
<use main_files/figure-latex/plot_notes2-1.pdf>
Package pdftex.def Info: main_files/figure-latex/plot_notes2-1.pdf  used on inp
ut line 648.
(pdftex.def)             Requested size: 469.75386pt x 325.2142pt.

Overfull \hbox (71.41528pt too wide) in paragraph at lines 648--649
 [][] 
 []

[5] [6 <./main_files/figure-latex/plot_notes2-1.pdf>]
<main_files/figure-latex/unnamed-chunk-7-1.pdf, id=314, 469.755pt x 325.215pt>
File: main_files/figure-latex/unnamed-chunk-7-1.pdf Graphic file (type pdf)
<use main_files/figure-latex/unnamed-chunk-7-1.pdf>
Package pdftex.def Info: main_files/figure-latex/unnamed-chunk-7-1.pdf  used on
 input line 770.
(pdftex.def)             Requested size: 469.75386pt x 325.2142pt.

Overfull \hbox (71.41528pt too wide) in paragraph at lines 770--770
 [] 
 []

[7]
<main_files/figure-latex/unnamed-chunk-8-1.pdf, id=321, 469.755pt x 325.215pt>
File: main_files/figure-latex/unnamed-chunk-8-1.pdf Graphic file (type pdf)
<use main_files/figure-latex/unnamed-chunk-8-1.pdf>
Package pdftex.def Info: main_files/figure-latex/unnamed-chunk-8-1.pdf  used on
 input line 788.
(pdftex.def)             Requested size: 469.75386pt x 325.2142pt.

Overfull \hbox (71.41528pt too wide) in paragraph at lines 788--788
 [] 
 []

[8 <./main_files/figure-latex/unnamed-chunk-7-1.pdf>]
<main_files/figure-latex/unnamed-chunk-9-1.pdf, id=332, 469.755pt x 325.215pt>
File: main_files/figure-latex/unnamed-chunk-9-1.pdf Graphic file (type pdf)
<use main_files/figure-latex/unnamed-chunk-9-1.pdf>
Package pdftex.def Info: main_files/figure-latex/unnamed-chunk-9-1.pdf  used on
 input line 806.
(pdftex.def)             Requested size: 469.75386pt x 325.2142pt.

Overfull \hbox (71.41528pt too wide) in paragraph at lines 806--806
 [] 
 []

[9 <./main_files/figure-latex/unnamed-chunk-8-1.pdf>]
<main_files/figure-latex/unnamed-chunk-10-1.pdf, id=343, 469.755pt x 325.215pt>

File: main_files/figure-latex/unnamed-chunk-10-1.pdf Graphic file (type pdf)
<use main_files/figure-latex/unnamed-chunk-10-1.pdf>
Package pdftex.def Info: main_files/figure-latex/unnamed-chunk-10-1.pdf  used o
n input line 848.
(pdftex.def)             Requested size: 469.75386pt x 325.2142pt.

Overfull \hbox (71.41528pt too wide) in paragraph at lines 848--848
 [] 
 []

[10 <./main_files/figure-latex/unnamed-chunk-9-1.pdf>]
<main_files/figure-latex/unnamed-chunk-11-1.pdf, id=354, 469.755pt x 325.215pt>

File: main_files/figure-latex/unnamed-chunk-11-1.pdf Graphic file (type pdf)
<use main_files/figure-latex/unnamed-chunk-11-1.pdf>
Package pdftex.def Info: main_files/figure-latex/unnamed-chunk-11-1.pdf  used o
n input line 861.
(pdftex.def)             Requested size: 469.75386pt x 325.2142pt.

Overfull \hbox (71.41528pt too wide) in paragraph at lines 861--861
 [] 
 []

[11 <./main_files/figure-latex/unnamed-chunk-10-1.pdf>]
<main_files/figure-latex/unnamed-chunk-12-1.pdf, id=367, 469.755pt x 325.215pt>

File: main_files/figure-latex/unnamed-chunk-12-1.pdf Graphic file (type pdf)
<use main_files/figure-latex/unnamed-chunk-12-1.pdf>
Package pdftex.def Info: main_files/figure-latex/unnamed-chunk-12-1.pdf  used o
n input line 880.
(pdftex.def)             Requested size: 469.75386pt x 325.2142pt.

Overfull \hbox (71.41528pt too wide) in paragraph at lines 880--880
 [] 
 []

[12 <./main_files/figure-latex/unnamed-chunk-11-1.pdf>]
LaTeX Font Info:    Trying to load font information for TS1+zi4 on input line 8
95.

(c:/Users/ketao/AppData/Roaming/TinyTeX/texmf-dist/tex/latex/inconsolata/ts1zi4
.fd
File: ts1zi4.fd 2018/01/14 TS1/zi4 (Inconsolata)
)
LaTeX Font Info:    Font shape `TS1/zi4/m/n' will be
(Font)              scaled to size 9.18004pt on input line 895.
Package microtype Info: Loading generic protrusion settings for font family
(microtype)             `zi4' (encoding: TS1).
(microtype)             For optimal results, create family-specific settings.
(microtype)             See the microtype manual for details.
<main_files/figure-latex/unnamed-chunk-13-1.pdf, id=378, 469.755pt x 325.215pt>

File: main_files/figure-latex/unnamed-chunk-13-1.pdf Graphic file (type pdf)
<use main_files/figure-latex/unnamed-chunk-13-1.pdf>
Package pdftex.def Info: main_files/figure-latex/unnamed-chunk-13-1.pdf  used o
n input line 902.
(pdftex.def)             Requested size: 469.75386pt x 325.2142pt.

Overfull \hbox (71.41528pt too wide) in paragraph at lines 902--902
 [] 
 []

[13 <./main_files/figure-latex/unnamed-chunk-12-1.pdf>]
<main_files/figure-latex/unnamed-chunk-14-1.pdf, id=394, 469.755pt x 325.215pt>

File: main_files/figure-latex/unnamed-chunk-14-1.pdf Graphic file (type pdf)
<use main_files/figure-latex/unnamed-chunk-14-1.pdf>
Package pdftex.def Info: main_files/figure-latex/unnamed-chunk-14-1.pdf  used o
n input line 925.
(pdftex.def)             Requested size: 469.75386pt x 325.2142pt.

Overfull \hbox (71.41528pt too wide) in paragraph at lines 925--925
 [] 
 []

[14 <./main_files/figure-latex/unnamed-chunk-13-1.pdf>]
<main_files/figure-latex/unnamed-chunk-15-1.pdf, id=409, 469.755pt x 325.215pt>

File: main_files/figure-latex/unnamed-chunk-15-1.pdf Graphic file (type pdf)
<use main_files/figure-latex/unnamed-chunk-15-1.pdf>
Package pdftex.def Info: main_files/figure-latex/unnamed-chunk-15-1.pdf  used o
n input line 946.
(pdftex.def)             Requested size: 469.75386pt x 325.2142pt.

Overfull \hbox (71.41528pt too wide) in paragraph at lines 946--946
 [] 
 []

[15 <./main_files/figure-latex/unnamed-chunk-14-1.pdf>]
<main_files/figure-latex/unnamed-chunk-16-1.pdf, id=424, 469.755pt x 325.215pt>

File: main_files/figure-latex/unnamed-chunk-16-1.pdf Graphic file (type pdf)
<use main_files/figure-latex/unnamed-chunk-16-1.pdf>
Package pdftex.def Info: main_files/figure-latex/unnamed-chunk-16-1.pdf  used o
n input line 966.
(pdftex.def)             Requested size: 469.75386pt x 325.2142pt.

Overfull \hbox (71.41528pt too wide) in paragraph at lines 966--966
 [] 
 []

[16 <./main_files/figure-latex/unnamed-chunk-15-1.pdf>]
<main_files/figure-latex/unnamed-chunk-17-1.pdf, id=438, 469.755pt x 325.215pt>

File: main_files/figure-latex/unnamed-chunk-17-1.pdf Graphic file (type pdf)
<use main_files/figure-latex/unnamed-chunk-17-1.pdf>
Package pdftex.def Info: main_files/figure-latex/unnamed-chunk-17-1.pdf  used o
n input line 989.
(pdftex.def)             Requested size: 469.75386pt x 325.2142pt.

Overfull \hbox (71.41528pt too wide) in paragraph at lines 989--989
 [] 
 []

[17 <./main_files/figure-latex/unnamed-chunk-16-1.pdf>]
<main_files/figure-latex/unnamed-chunk-18-1.pdf, id=449, 469.755pt x 325.215pt>

File: main_files/figure-latex/unnamed-chunk-18-1.pdf Graphic file (type pdf)
<use main_files/figure-latex/unnamed-chunk-18-1.pdf>
Package pdftex.def Info: main_files/figure-latex/unnamed-chunk-18-1.pdf  used o
n input line 1007.
(pdftex.def)             Requested size: 469.75386pt x 325.2142pt.

Overfull \hbox (71.41528pt too wide) in paragraph at lines 1007--1007
 [] 
 []

[18 <./main_files/figure-latex/unnamed-chunk-17-1.pdf>]
<main_files/figure-latex/unnamed-chunk-19-1.pdf, id=459, 469.755pt x 325.215pt>

File: main_files/figure-latex/unnamed-chunk-19-1.pdf Graphic file (type pdf)
<use main_files/figure-latex/unnamed-chunk-19-1.pdf>
Package pdftex.def Info: main_files/figure-latex/unnamed-chunk-19-1.pdf  used o
n input line 1036.
(pdftex.def)             Requested size: 469.75386pt x 325.2142pt.

Overfull \hbox (71.41528pt too wide) in paragraph at lines 1036--1036
 [] 
 []

[19 <./main_files/figure-latex/unnamed-chunk-18-1.pdf>]
<main_files/figure-latex/unnamed-chunk-20-1.pdf, id=470, 469.755pt x 325.215pt>

File: main_files/figure-latex/unnamed-chunk-20-1.pdf Graphic file (type pdf)
<use main_files/figure-latex/unnamed-chunk-20-1.pdf>
Package pdftex.def Info: main_files/figure-latex/unnamed-chunk-20-1.pdf  used o
n input line 1069.
(pdftex.def)             Requested size: 469.75386pt x 325.2142pt.

Overfull \hbox (71.41528pt too wide) in paragraph at lines 1069--1069
 [] 
 []

[20 <./main_files/figure-latex/unnamed-chunk-19-1.pdf>]
<main_files/figure-latex/plot_notes-1.pdf, id=482, 469.755pt x 325.215pt>
File: main_files/figure-latex/plot_notes-1.pdf Graphic file (type pdf)
<use main_files/figure-latex/plot_notes-1.pdf>
Package pdftex.def Info: main_files/figure-latex/plot_notes-1.pdf  used on inpu
t line 1085.
(pdftex.def)             Requested size: 469.75386pt x 325.2142pt.

Overfull \hbox (71.41528pt too wide) in paragraph at lines 1085--1086
 [][] 
 []

[21 <./main_files/figure-latex/unnamed-chunk-20-1.pdf>]
Overfull \hbox (114.59645pt too wide) in paragraph at lines 1093--1095
[]\T1/ppl/m/n/9 (-20) From the word cloud, we can get some highly fre-quently u
sed words such as down-town,bedroom,room,condo,private,apartment. 
 []

[22 <./main_files/figure-latex/plot_notes-1.pdf>]
<main_files/figure-latex/plot_feature_selection1-1.pdf, id=512, 469.755pt x 325
.215pt>
File: main_files/figure-latex/plot_feature_selection1-1.pdf Graphic file (type 
pdf)
<use main_files/figure-latex/plot_feature_selection1-1.pdf>
Package pdftex.def Info: main_files/figure-latex/plot_feature_selection1-1.pdf 
 used on input line 1195.
(pdftex.def)             Requested size: 438.17487pt x 303.34998pt.

Overfull \hbox (39.83629pt too wide) in paragraph at lines 1195--1196
 [][] 
 []

<main_files/figure-latex/plot_feature_selection1-2.pdf, id=513, 469.755pt x 325
.215pt>
File: main_files/figure-latex/plot_feature_selection1-2.pdf Graphic file (type 
pdf)
<use main_files/figure-latex/plot_feature_selection1-2.pdf>
Package pdftex.def Info: main_files/figure-latex/plot_feature_selection1-2.pdf 
 used on input line 1203.
(pdftex.def)             Requested size: 438.17487pt x 303.34998pt.

Overfull \hbox (39.83629pt too wide) in paragraph at lines 1203--1204
 [][] 
 []

[23]
<main_files/figure-latex/plot_feature_selection1-3.pdf, id=520, 469.755pt x 325
.215pt>
File: main_files/figure-latex/plot_feature_selection1-3.pdf Graphic file (type 
pdf)
<use main_files/figure-latex/plot_feature_selection1-3.pdf>
Package pdftex.def Info: main_files/figure-latex/plot_feature_selection1-3.pdf 
 used on input line 1211.
(pdftex.def)             Requested size: 438.17487pt x 303.34998pt.

Overfull \hbox (39.83629pt too wide) in paragraph at lines 1211--1212
 [][] 
 []

<main_files/figure-latex/plot_feature_selection1-4.pdf, id=521, 469.755pt x 325
.215pt>
File: main_files/figure-latex/plot_feature_selection1-4.pdf Graphic file (type 
pdf)
<use main_files/figure-latex/plot_feature_selection1-4.pdf>
Package pdftex.def Info: main_files/figure-latex/plot_feature_selection1-4.pdf 
 used on input line 1219.
(pdftex.def)             Requested size: 438.17487pt x 303.34998pt.

Overfull \hbox (39.83629pt too wide) in paragraph at lines 1219--1220
 [][] 
 []

[24 <./main_files/figure-latex/plot_feature_selection1-1.pdf> <./main_files/fig
ure-latex/plot_feature_selection1-2.pdf>] [25 <./main_files/figure-latex/plot_f
eature_selection1-3.pdf> <./main_files/figure-latex/plot_feature_selection1-4.p
df>]
<main_files/figure-latex/plot_feature_selection-1.pdf, id=556, 469.755pt x 325.
215pt>
File: main_files/figure-latex/plot_feature_selection-1.pdf Graphic file (type p
df)
<use main_files/figure-latex/plot_feature_selection-1.pdf>
Package pdftex.def Info: main_files/figure-latex/plot_feature_selection-1.pdf  
used on input line 1261.
(pdftex.def)             Requested size: 438.17487pt x 303.34998pt.

Overfull \hbox (39.83629pt too wide) in paragraph at lines 1261--1262
 [][] 
 []

<main_files/figure-latex/plot_feature_selection-2.pdf, id=557, 469.755pt x 325.
215pt>
File: main_files/figure-latex/plot_feature_selection-2.pdf Graphic file (type p
df)
<use main_files/figure-latex/plot_feature_selection-2.pdf>
Package pdftex.def Info: main_files/figure-latex/plot_feature_selection-2.pdf  
used on input line 1269.
(pdftex.def)             Requested size: 438.17487pt x 303.34998pt.

Overfull \hbox (39.83629pt too wide) in paragraph at lines 1269--1270
 [][] 
 []

<main_files/figure-latex/plot_feature_selection-3.pdf, id=558, 469.755pt x 325.
215pt>
File: main_files/figure-latex/plot_feature_selection-3.pdf Graphic file (type p
df)
<use main_files/figure-latex/plot_feature_selection-3.pdf>
Package pdftex.def Info: main_files/figure-latex/plot_feature_selection-3.pdf  
used on input line 1277.
(pdftex.def)             Requested size: 438.17487pt x 303.34998pt.

Overfull \hbox (39.83629pt too wide) in paragraph at lines 1277--1278
 [][] 
 []

[26 <./main_files/figure-latex/plot_feature_selection-1.pdf>]
<main_files/figure-latex/plot_feature_selection-4.pdf, id=573, 469.755pt x 325.
215pt>
File: main_files/figure-latex/plot_feature_selection-4.pdf Graphic file (type p
df)
<use main_files/figure-latex/plot_feature_selection-4.pdf>
Package pdftex.def Info: main_files/figure-latex/plot_feature_selection-4.pdf  
used on input line 1285.
(pdftex.def)             Requested size: 438.17487pt x 303.34998pt.

Overfull \hbox (39.83629pt too wide) in paragraph at lines 1285--1286
 [][] 
 []

[27 <./main_files/figure-latex/plot_feature_selection-2.pdf> <./main_files/figu
re-latex/plot_feature_selection-3.pdf>]
<main_files/figure-latex/unnamed-chunk-25-1.pdf, id=590, 550.055pt x 405.515pt>

File: main_files/figure-latex/unnamed-chunk-25-1.pdf Graphic file (type pdf)
<use main_files/figure-latex/unnamed-chunk-25-1.pdf>
Package pdftex.def Info: main_files/figure-latex/unnamed-chunk-25-1.pdf  used o
n input line 1307.
(pdftex.def)             Requested size: 550.05365pt x 405.51399pt.

Overfull \hbox (151.71507pt too wide) in paragraph at lines 1307--1307
 [] 
 []

[28 <./main_files/figure-latex/plot_feature_selection-4.pdf>] [29 <./main_files
/figure-latex/unnamed-chunk-25-1.pdf>]
<main_files/figure-latex/unnamed-chunk-28-1.pdf, id=617, 469.755pt x 325.215pt>

File: main_files/figure-latex/unnamed-chunk-28-1.pdf Graphic file (type pdf)
<use main_files/figure-latex/unnamed-chunk-28-1.pdf>
Package pdftex.def Info: main_files/figure-latex/unnamed-chunk-28-1.pdf  used o
n input line 1401.
(pdftex.def)             Requested size: 469.75386pt x 325.2142pt.

Overfull \hbox (71.41528pt too wide) in paragraph at lines 1401--1401
 [] 
 []

[30]
<main_files/figure-latex/unnamed-chunk-29-1.pdf, id=624, 469.755pt x 325.215pt>

File: main_files/figure-latex/unnamed-chunk-29-1.pdf Graphic file (type pdf)
<use main_files/figure-latex/unnamed-chunk-29-1.pdf>
Package pdftex.def Info: main_files/figure-latex/unnamed-chunk-29-1.pdf  used o
n input line 1418.
(pdftex.def)             Requested size: 469.75386pt x 325.2142pt.

Overfull \hbox (71.41528pt too wide) in paragraph at lines 1418--1418
 [] 
 []

[31 <./main_files/figure-latex/unnamed-chunk-28-1.pdf>]
<main_files/figure-latex/unnamed-chunk-31-1.pdf, id=635, 469.755pt x 325.215pt>

File: main_files/figure-latex/unnamed-chunk-31-1.pdf Graphic file (type pdf)
<use main_files/figure-latex/unnamed-chunk-31-1.pdf>
Package pdftex.def Info: main_files/figure-latex/unnamed-chunk-31-1.pdf  used o
n input line 1447.
(pdftex.def)             Requested size: 469.75386pt x 325.2142pt.

Overfull \hbox (71.41528pt too wide) in paragraph at lines 1447--1447
 [] 
 []

[32 <./main_files/figure-latex/unnamed-chunk-29-1.pdf>] [33 <./main_files/figur
e-latex/unnamed-chunk-31-1.pdf>]
<main_files/figure-latex/unnamed-chunk-34-1.pdf, id=662, 469.755pt x 505.89pt>
File: main_files/figure-latex/unnamed-chunk-34-1.pdf Graphic file (type pdf)
<use main_files/figure-latex/unnamed-chunk-34-1.pdf>
Package pdftex.def Info: main_files/figure-latex/unnamed-chunk-34-1.pdf  used o
n input line 1504.
(pdftex.def)             Requested size: 469.75386pt x 505.88875pt.

Overfull \hbox (71.41528pt too wide) in paragraph at lines 1504--1504
 [] 
 []

<main_files/figure-latex/unnamed-chunk-35-1.pdf, id=663, 469.755pt x 505.89pt>
File: main_files/figure-latex/unnamed-chunk-35-1.pdf Graphic file (type pdf)
<use main_files/figure-latex/unnamed-chunk-35-1.pdf>
Package pdftex.def Info: main_files/figure-latex/unnamed-chunk-35-1.pdf  used o
n input line 1518.
(pdftex.def)             Requested size: 469.75386pt x 505.88875pt.

Overfull \hbox (71.41528pt too wide) in paragraph at lines 1518--1518
 [] 
 []

[34 <./main_files/figure-latex/unnamed-chunk-34-1.pdf>]
<main_files/figure-latex/unnamed-chunk-36-1.pdf, id=713, 469.755pt x 505.89pt>
File: main_files/figure-latex/unnamed-chunk-36-1.pdf Graphic file (type pdf)
<use main_files/figure-latex/unnamed-chunk-36-1.pdf>
Package pdftex.def Info: main_files/figure-latex/unnamed-chunk-36-1.pdf  used o
n input line 1532.
(pdftex.def)             Requested size: 469.75386pt x 505.88875pt.

Overfull \hbox (71.41528pt too wide) in paragraph at lines 1532--1532
 [] 
 []

[35 <./main_files/figure-latex/unnamed-chunk-35-1.pdf>]
<main_files/figure-latex/unnamed-chunk-37-1.pdf, id=754, 469.755pt x 505.89pt>
File: main_files/figure-latex/unnamed-chunk-37-1.pdf Graphic file (type pdf)
<use main_files/figure-latex/unnamed-chunk-37-1.pdf>
Package pdftex.def Info: main_files/figure-latex/unnamed-chunk-37-1.pdf  used o
n input line 1546.
(pdftex.def)             Requested size: 469.75386pt x 505.88875pt.

Overfull \hbox (71.41528pt too wide) in paragraph at lines 1546--1546
 [] 
 []

[36 <./main_files/figure-latex/unnamed-chunk-36-1.pdf>]
<main_files/figure-latex/unnamed-chunk-38-1.pdf, id=803, 469.755pt x 325.215pt>

File: main_files/figure-latex/unnamed-chunk-38-1.pdf Graphic file (type pdf)
<use main_files/figure-latex/unnamed-chunk-38-1.pdf>
Package pdftex.def Info: main_files/figure-latex/unnamed-chunk-38-1.pdf  used o
n input line 1569.
(pdftex.def)             Requested size: 469.75386pt x 325.2142pt.

Overfull \hbox (71.41528pt too wide) in paragraph at lines 1569--1569
 [] 
 []

[37 <./main_files/figure-latex/unnamed-chunk-37-1.pdf>]
<main_files/figure-latex/unnamed-chunk-39-1.pdf, id=854, 469.755pt x 325.215pt>

File: main_files/figure-latex/unnamed-chunk-39-1.pdf Graphic file (type pdf)
<use main_files/figure-latex/unnamed-chunk-39-1.pdf>
Package pdftex.def Info: main_files/figure-latex/unnamed-chunk-39-1.pdf  used o
n input line 1587.
(pdftex.def)             Requested size: 469.75386pt x 325.2142pt.

Overfull \hbox (71.41528pt too wide) in paragraph at lines 1587--1587
 [] 
 []

[38 <./main_files/figure-latex/unnamed-chunk-38-1.pdf>]
<main_files/figure-latex/unnamed-chunk-40-1.pdf, id=865, 469.755pt x 325.215pt>

File: main_files/figure-latex/unnamed-chunk-40-1.pdf Graphic file (type pdf)
<use main_files/figure-latex/unnamed-chunk-40-1.pdf>
Package pdftex.def Info: main_files/figure-latex/unnamed-chunk-40-1.pdf  used o
n input line 1605.
(pdftex.def)             Requested size: 469.75386pt x 325.2142pt.

Overfull \hbox (71.41528pt too wide) in paragraph at lines 1605--1605
 [] 
 []

[39 <./main_files/figure-latex/unnamed-chunk-39-1.pdf>]
<main_files/figure-latex/unnamed-chunk-41-1.pdf, id=876, 469.755pt x 325.215pt>

File: main_files/figure-latex/unnamed-chunk-41-1.pdf Graphic file (type pdf)
<use main_files/figure-latex/unnamed-chunk-41-1.pdf>
Package pdftex.def Info: main_files/figure-latex/unnamed-chunk-41-1.pdf  used o
n input line 1623.
(pdftex.def)             Requested size: 469.75386pt x 325.2142pt.

Overfull \hbox (71.41528pt too wide) in paragraph at lines 1623--1623
 [] 
 []

[40 <./main_files/figure-latex/unnamed-chunk-40-1.pdf>]
<main_files/figure-latex/unnamed-chunk-43-1.pdf, id=887, 469.755pt x 325.215pt>

File: main_files/figure-latex/unnamed-chunk-43-1.pdf Graphic file (type pdf)
<use main_files/figure-latex/unnamed-chunk-43-1.pdf>
Package pdftex.def Info: main_files/figure-latex/unnamed-chunk-43-1.pdf  used o
n input line 1679.
(pdftex.def)             Requested size: 469.75386pt x 325.2142pt.

Overfull \hbox (71.41528pt too wide) in paragraph at lines 1679--1679
 [] 
 []

[41 <./main_files/figure-latex/unnamed-chunk-41-1.pdf>]
<main_files/figure-latex/unnamed-chunk-44-1.pdf, id=898, 469.755pt x 325.215pt>

File: main_files/figure-latex/unnamed-chunk-44-1.pdf Graphic file (type pdf)
<use main_files/figure-latex/unnamed-chunk-44-1.pdf>
Package pdftex.def Info: main_files/figure-latex/unnamed-chunk-44-1.pdf  used o
n input line 1697.
(pdftex.def)             Requested size: 469.75386pt x 325.2142pt.

Overfull \hbox (71.41528pt too wide) in paragraph at lines 1697--1697
 [] 
 []

[42 <./main_files/figure-latex/unnamed-chunk-43-1.pdf>]
<main_files/figure-latex/unnamed-chunk-45-1.pdf, id=909, 469.755pt x 325.215pt>

File: main_files/figure-latex/unnamed-chunk-45-1.pdf Graphic file (type pdf)
<use main_files/figure-latex/unnamed-chunk-45-1.pdf>
Package pdftex.def Info: main_files/figure-latex/unnamed-chunk-45-1.pdf  used o
n input line 1715.
(pdftex.def)             Requested size: 469.75386pt x 325.2142pt.

Overfull \hbox (71.41528pt too wide) in paragraph at lines 1715--1715
 [] 
 []

[43 <./main_files/figure-latex/unnamed-chunk-44-1.pdf>]
<main_files/figure-latex/unnamed-chunk-46-1.pdf, id=921, 469.755pt x 325.215pt>

File: main_files/figure-latex/unnamed-chunk-46-1.pdf Graphic file (type pdf)
<use main_files/figure-latex/unnamed-chunk-46-1.pdf>
Package pdftex.def Info: main_files/figure-latex/unnamed-chunk-46-1.pdf  used o
n input line 1733.
(pdftex.def)             Requested size: 469.75386pt x 325.2142pt.

Overfull \hbox (71.41528pt too wide) in paragraph at lines 1733--1733
 [] 
 []

[44 <./main_files/figure-latex/unnamed-chunk-45-1.pdf>]
<main_files/figure-latex/unnamed-chunk-47-1.pdf, id=932, 469.755pt x 325.215pt>

File: main_files/figure-latex/unnamed-chunk-47-1.pdf Graphic file (type pdf)
<use main_files/figure-latex/unnamed-chunk-47-1.pdf>
Package pdftex.def Info: main_files/figure-latex/unnamed-chunk-47-1.pdf  used o
n input line 1753.
(pdftex.def)             Requested size: 469.75386pt x 325.2142pt.

Overfull \hbox (71.41528pt too wide) in paragraph at lines 1753--1753
 [] 
 []

[45 <./main_files/figure-latex/unnamed-chunk-46-1.pdf>]
<main_files/figure-latex/unnamed-chunk-48-1.pdf, id=943, 469.755pt x 325.215pt>

File: main_files/figure-latex/unnamed-chunk-48-1.pdf Graphic file (type pdf)
<use main_files/figure-latex/unnamed-chunk-48-1.pdf>
Package pdftex.def Info: main_files/figure-latex/unnamed-chunk-48-1.pdf  used o
n input line 1771.
(pdftex.def)             Requested size: 469.75386pt x 325.2142pt.

Overfull \hbox (71.41528pt too wide) in paragraph at lines 1771--1771
 [] 
 []

[46 <./main_files/figure-latex/unnamed-chunk-47-1.pdf>]
<main_files/figure-latex/unnamed-chunk-49-1.pdf, id=954, 469.755pt x 325.215pt>

File: main_files/figure-latex/unnamed-chunk-49-1.pdf Graphic file (type pdf)
<use main_files/figure-latex/unnamed-chunk-49-1.pdf>
Package pdftex.def Info: main_files/figure-latex/unnamed-chunk-49-1.pdf  used o
n input line 1789.
(pdftex.def)             Requested size: 469.75386pt x 325.2142pt.

Overfull \hbox (71.41528pt too wide) in paragraph at lines 1789--1789
 [] 
 []

[47 <./main_files/figure-latex/unnamed-chunk-48-1.pdf>]
<main_files/figure-latex/unnamed-chunk-50-1.pdf, id=965, 469.755pt x 325.215pt>

File: main_files/figure-latex/unnamed-chunk-50-1.pdf Graphic file (type pdf)
<use main_files/figure-latex/unnamed-chunk-50-1.pdf>
Package pdftex.def Info: main_files/figure-latex/unnamed-chunk-50-1.pdf  used o
n input line 1807.
(pdftex.def)             Requested size: 469.75386pt x 325.2142pt.

Overfull \hbox (71.41528pt too wide) in paragraph at lines 1807--1807
 [] 
 []

[48 <./main_files/figure-latex/unnamed-chunk-49-1.pdf>] [49 <./main_files/figur
e-latex/unnamed-chunk-50-1.pdf>] (./RJwrapper.bbl (./RJwrapper.brf)
\tf@brf=\write6
\openout6 = `RJwrapper.brf'.

)
Underfull \hbox (badness 10000) in paragraph at lines 1893--1895

 []


Underfull \hbox (badness 10000) in paragraph at lines 1900--1902

 []


Underfull \hbox (badness 10000) in paragraph at lines 1907--1909

 []


Underfull \hbox (badness 10000) in paragraph at lines 1914--1916

 []

) [50]
Package atveryend Info: Empty hook `BeforeClearDocument' on input line 26.
Package atveryend Info: Empty hook `AfterLastShipout' on input line 26.
(./RJwrapper.aux)
Package atveryend Info: Executing hook `AtVeryEndDocument' on input line 26.
Package atveryend Info: Executing hook `AtEndAfterFileList' on input line 26.
Package rerunfilecheck Info: File `RJwrapper.out' has not changed.
(rerunfilecheck)             Checksum: EB29304A0F6D9CF9608B644B75C51737;4366.
Package rerunfilecheck Info: File `RJwrapper.brf' has not changed.
(rerunfilecheck)             Checksum: 41FE95A4414056EA7BF4C7D0813D2A68;153.

LaTeX Warning: There were undefined references.

Package atveryend Info: Empty hook `AtVeryVeryEnd' on input line 26.
 ) 
Here is how much of TeX's memory you used:
 22708 strings out of 482913
 427671 string characters out of 5957672
 703641 words of memory out of 5000000
 37116 multiletter control sequences out of 15000+600000
 571535 words of font info for 183 fonts, out of 8000000 for 9000
 14 hyphenation exceptions out of 8191
 68i,12n,100p,425b,861s stack positions out of 5000i,500n,10000p,200000b,80000s
{c:/Users/ketao/AppData/Roaming/TinyTeX/texmf-dist/fonts/enc/dvips/inconsolat
a/i4-ts1.enc}{c:/Users/ketao/AppData/Roaming/TinyTeX/texmf-dist/fonts/enc/dvips
/inconsolata/i4-t1-0.enc}{c:/Users/ketao/AppData/Roaming/TinyTeX/texmf-dist/fon
ts/enc/dvips/base/8r.enc}<c:/Users/ketao/AppData/Roaming/TinyTeX/texmf-dist/fon
ts/type1/public/inconsolata/Inconsolata-zi4r.pfb><c:/Users/ketao/AppData/Roamin
g/TinyTeX/texmf-dist/fonts/type1/urw/palatino/uplb8a.pfb><c:/Users/ketao/AppDat
a/Roaming/TinyTeX/texmf-dist/fonts/type1/urw/palatino/uplr8a.pfb><c:/Users/keta
o/AppData/Roaming/TinyTeX/texmf-dist/fonts/type1/urw/palatino/uplri8a.pfb>
Output written on RJwrapper.pdf (50 pages, 10530876 bytes).
PDF statistics:
 1068 PDF objects out of 1200 (max. 8388607)
 850 compressed objects within 9 object streams
 184 named destinations out of 1000 (max. 500000)
 36526 words of extra memory for PDF output out of 42996 (max. 10000000)

